<testsuite errors="0" failures="1" hostname="DESKTOP-DLR3QRI" name="lambtest_todoapp.Test to add item" skipped="0" tests="1" time="5.920492" timestamp="2022-08-20T10:37:57.711269"><testcase classname="lambtest_todoapp.Test to add item" name="Test Advance boy" status="failed" time="5.920492"><failure message="'Yey, Let's add it to list' not added to list" type="AssertionError">
<![CDATA[
Failing step: Then I should verify the added item ... failed in 5.160s
Location: features/lambtest_todoapp.feature:9
Assertion Failed: 'Yey, Let's add it to list' not added to list]]>
</failure><system-out>
<![CDATA[
@scenario.begin

  @sample @demo
  Scenario: Test Advance boy
    Given I go to 4davanceboy to add item ... passed in 0.301s
    Then I Click on first checkbox and second checkbox ... passed in 0.173s
    When I enter item "Yey, Let's add it to list" to add ... passed in 0.222s
    When I click add button ... passed in 0.065s
    Then I should verify the added item ... failed in 5.160s

@scenario.end
--------------------------------------------------------------------------------
]]>
</system-out></testcase></testsuite>